<?xml version="1.0" encoding="UTF-8"?>
<testsuite name="co.mobileaction.example.web.controller.UserControllerTests" tests="1" skipped="0" failures="0" errors="0" timestamp="2024-08-19T14:09:16" hostname="GUN" time="1.532">
  <properties/>
  <testcase name="testGetUsers()" classname="co.mobileaction.example.web.controller.UserControllerTests" time="1.532"/>
  <system-out><![CDATA[]]></system-out>
  <system-err><![CDATA[]]></system-err>
</testsuite>
