<?xml version="1.0" encoding="UTF-8"?>
<testsuite name="co.mobileaction.example.web.controller.AdminControllerTests" tests="1" skipped="0" failures="0" errors="0" timestamp="2023-07-07T08:23:05" hostname="DESKTOP-56UDQ3Q" time="0.177">
  <properties/>
  <testcase name="createUserQueueRequests()" classname="co.mobileaction.example.web.controller.AdminControllerTests" time="0.177"/>
  <system-out><![CDATA[11:22:59.784 [Test worker] DEBUG org.springframework.test.context.BootstrapUtils - Instantiating CacheAwareContextLoaderDelegate from class [org.springframework.test.context.cache.DefaultCacheAwareContextLoaderDelegate]
11:22:59.822 [Test worker] DEBUG org.springframework.test.context.BootstrapUtils - Instantiating BootstrapContext using constructor [public org.springframework.test.context.support.DefaultBootstrapContext(java.lang.Class,org.springframework.test.context.CacheAwareContextLoaderDelegate)]
11:22:59.959 [Test worker] DEBUG org.springframework.test.context.BootstrapUtils - Instantiating TestContextBootstrapper for test class [co.mobileaction.example.web.controller.AdminControllerTests] from class [org.springframework.boot.test.autoconfigure.web.servlet.WebMvcTestContextBootstrapper]
11:22:59.997 [Test worker] DEBUG org.springframework.test.context.support.AbstractContextLoader - Did not detect default resource location for test class [co.mobileaction.example.web.controller.AdminControllerTests]: class path resource [co/mobileaction/example/web/controller/AdminControllerTests-context.xml] does not exist
11:22:59.998 [Test worker] DEBUG org.springframework.test.context.support.AbstractContextLoader - Did not detect default resource location for test class [co.mobileaction.example.web.controller.AdminControllerTests]: class path resource [co/mobileaction/example/web/controller/AdminControllerTestsContext.groovy] does not exist
11:22:59.998 [Test worker] INFO org.springframework.test.context.support.AbstractContextLoader - Could not detect default resource locations for test class [co.mobileaction.example.web.controller.AdminControllerTests]: no resource found for suffixes {-context.xml, Context.groovy}.
11:23:00.180 [Test worker] DEBUG org.springframework.test.context.support.ActiveProfilesUtils - Could not find an 'annotation declaring class' for annotation type [org.springframework.test.context.ActiveProfiles] and class [co.mobileaction.example.web.controller.AdminControllerTests]
11:23:00.207 [Test worker] DEBUG org.springframework.boot.test.autoconfigure.web.servlet.WebMvcTestContextBootstrapper - @TestExecutionListeners is not present for class [co.mobileaction.example.web.controller.AdminControllerTests]: using defaults.
11:23:00.208 [Test worker] INFO org.springframework.boot.test.autoconfigure.web.servlet.WebMvcTestContextBootstrapper - Loaded default TestExecutionListener class names from location [META-INF/spring.factories]: [org.springframework.security.test.context.support.WithSecurityContextTestExecutionListener, org.springframework.security.test.context.support.ReactorContextTestExecutionListener, org.springframework.boot.test.autoconfigure.restdocs.RestDocsTestExecutionListener, org.springframework.boot.test.autoconfigure.web.client.MockRestServiceServerResetTestExecutionListener, org.springframework.boot.test.autoconfigure.web.servlet.MockMvcPrintOnlyOnFailureTestExecutionListener, org.springframework.boot.test.autoconfigure.web.servlet.WebDriverTestExecutionListener, org.springframework.boot.test.autoconfigure.webservices.client.MockWebServiceServerTestExecutionListener, org.springframework.boot.test.mock.mockito.MockitoTestExecutionListener, org.springframework.boot.test.mock.mockito.ResetMocksTestExecutionListener, org.springframework.test.context.web.ServletTestExecutionListener, org.springframework.test.context.support.DirtiesContextBeforeModesTestExecutionListener, org.springframework.test.context.event.ApplicationEventsTestExecutionListener, org.springframework.test.context.support.DependencyInjectionTestExecutionListener, org.springframework.test.context.support.DirtiesContextTestExecutionListener, org.springframework.test.context.transaction.TransactionalTestExecutionListener, org.springframework.test.context.jdbc.SqlScriptsTestExecutionListener, org.springframework.test.context.event.EventPublishingTestExecutionListener]
11:23:00.264 [Test worker] INFO org.springframework.boot.test.autoconfigure.web.servlet.WebMvcTestContextBootstrapper - Using TestExecutionListeners: [org.springframework.test.context.web.ServletTestExecutionListener@732f6050, org.springframework.test.context.support.DirtiesContextBeforeModesTestExecutionListener@6fbc1bb, org.springframework.test.context.event.ApplicationEventsTestExecutionListener@30c4e352, org.springframework.boot.test.mock.mockito.MockitoTestExecutionListener@f1dd5b4, org.springframework.boot.test.autoconfigure.SpringBootDependencyInjectionTestExecutionListener@73809e7, org.springframework.test.context.support.DirtiesContextTestExecutionListener@5f96f6a2, org.springframework.test.context.transaction.TransactionalTestExecutionListener@48df4071, org.springframework.test.context.jdbc.SqlScriptsTestExecutionListener@290e8cab, org.springframework.security.test.context.support.WithSecurityContextTestExecutionListener@6e3ecf5c, org.springframework.test.context.event.EventPublishingTestExecutionListener@67507df, org.springframework.security.test.context.support.ReactorContextTestExecutionListener@341b13a8, org.springframework.boot.test.autoconfigure.restdocs.RestDocsTestExecutionListener@692dba54, org.springframework.boot.test.autoconfigure.web.client.MockRestServiceServerResetTestExecutionListener@71f1cc02, org.springframework.boot.test.autoconfigure.web.servlet.MockMvcPrintOnlyOnFailureTestExecutionListener@5f14761c, org.springframework.boot.test.autoconfigure.web.servlet.WebDriverTestExecutionListener@33feb805, org.springframework.boot.test.autoconfigure.webservices.client.MockWebServiceServerTestExecutionListener@37854b34, org.springframework.boot.test.mock.mockito.ResetMocksTestExecutionListener@48eb001a]
11:23:00.273 [Test worker] DEBUG org.springframework.test.context.support.AbstractDirtiesContextTestExecutionListener - Before test class: context [DefaultTestContext@3c854752 testClass = AdminControllerTests, testInstance = [null], testMethod = [null], testException = [null], mergedContextConfiguration = [WebMergedContextConfiguration@3ddeaa5f testClass = AdminControllerTests, locations = '{}', classes = '{class co.mobileaction.example.web.controller.AdminController}', contextInitializerClasses = '[]', activeProfiles = '{}', propertySourceLocations = '{}', propertySourceProperties = '{org.springframework.boot.test.autoconfigure.web.servlet.WebMvcTestContextBootstrapper=true}', contextCustomizers = set[org.springframework.boot.test.autoconfigure.OverrideAutoConfigurationContextCustomizerFactory$DisableAutoConfigurationContextCustomizer@17143b3b, org.springframework.boot.test.autoconfigure.actuate.metrics.MetricsExportContextCustomizerFactory$DisableMetricExportContextCustomizer@64d4f7c7, org.springframework.boot.test.autoconfigure.filter.TypeExcludeFiltersContextCustomizer@87f0f808, org.springframework.boot.test.autoconfigure.properties.PropertyMappingContextCustomizer@d9a1616f, org.springframework.boot.test.autoconfigure.web.servlet.WebDriverContextCustomizerFactory$Customizer@480ad82c, [ImportsContextCustomizer@1a500561 key = [org.springframework.boot.autoconfigure.cache.CacheAutoConfiguration, org.springframework.boot.autoconfigure.context.MessageSourceAutoConfiguration, org.springframework.boot.autoconfigure.data.web.SpringDataWebAutoConfiguration, org.springframework.boot.autoconfigure.freemarker.FreeMarkerAutoConfiguration, org.springframework.boot.autoconfigure.groovy.template.GroovyTemplateAutoConfiguration, org.springframework.boot.autoconfigure.gson.GsonAutoConfiguration, org.springframework.boot.autoconfigure.hateoas.HypermediaAutoConfiguration, org.springframework.boot.autoconfigure.http.HttpMessageConvertersAutoConfiguration, org.springframework.boot.autoconfigure.jackson.JacksonAutoConfiguration, org.springframework.boot.autoconfigure.jsonb.JsonbAutoConfiguration, org.springframework.boot.autoconfigure.mustache.MustacheAutoConfiguration, org.springframework.boot.autoconfigure.task.TaskExecutionAutoConfiguration, org.springframework.boot.autoconfigure.thymeleaf.ThymeleafAutoConfiguration, org.springframework.boot.autoconfigure.validation.ValidationAutoConfiguration, org.springframework.boot.autoconfigure.web.servlet.error.ErrorMvcAutoConfiguration, org.springframework.boot.autoconfigure.web.servlet.HttpEncodingAutoConfiguration, org.springframework.boot.autoconfigure.web.servlet.WebMvcAutoConfiguration, org.springframework.boot.test.autoconfigure.web.servlet.MockMvcAutoConfiguration, org.springframework.boot.test.autoconfigure.web.servlet.MockMvcWebClientAutoConfiguration, org.springframework.boot.test.autoconfigure.web.servlet.MockMvcWebDriverAutoConfiguration, org.springframework.boot.autoconfigure.security.oauth2.client.servlet.OAuth2ClientAutoConfiguration, org.springframework.boot.autoconfigure.security.oauth2.resource.servlet.OAuth2ResourceServerAutoConfiguration, org.springframework.boot.autoconfigure.security.servlet.SecurityAutoConfiguration, org.springframework.boot.autoconfigure.security.servlet.SecurityFilterAutoConfiguration, org.springframework.boot.autoconfigure.security.servlet.UserDetailsServiceAutoConfiguration, org.springframework.boot.test.autoconfigure.web.servlet.MockMvcSecurityConfiguration, org.springframework.boot.test.autoconfigure.web.reactive.WebTestClientAutoConfiguration]], org.springframework.boot.test.context.filter.ExcludeFilterContextCustomizer@35a60674, org.springframework.boot.test.json.DuplicateJsonObjectContextCustomizerFactory$DuplicateJsonObjectContextCustomizer@f5b6e78, org.springframework.boot.test.mock.mockito.MockitoContextCustomizer@12478a68, org.springframework.boot.test.context.SpringBootTestArgs@1, org.springframework.boot.test.context.SpringBootTestWebEnvironment@0], resourceBasePath = 'src/main/webapp', contextLoader = 'org.springframework.boot.test.context.SpringBootContextLoader', parent = [null]], attributes = map[[empty]]], class annotated with @DirtiesContext [false] with mode [null].
11:23:00.462 [Test worker] DEBUG org.springframework.boot.ApplicationServletEnvironment - Activating profiles []
11:23:00.530 [Test worker] DEBUG org.springframework.test.context.support.TestPropertySourceUtils - Adding inlined properties to environment: {spring.jmx.enabled=false, org.springframework.boot.test.autoconfigure.web.servlet.WebMvcTestContextBootstrapper=true}

  .   ____          _            __ _ _
 /\\ / ___'_ __ _ _(_)_ __  __ _ \ \ \ \
( ( )\___ | '_ | '_| | '_ \/ _` | \ \ \ \
 \\/  ___)| |_)| | | | | || (_| |  ) ) ) )
  '  |____| .__|_| |_|_| |_\__, | / / / /
 =========|_|==============|___/=/_/_/_/
 :: Spring Boot ::                (v2.6.1)

2023-07-07 11:23:01.400  INFO 8108 --- [    Test worker] c.m.e.w.controller.AdminControllerTests  : Starting AdminControllerTests using Java 17.0.7 on DESKTOP-56UDQ3Q with PID 8108 (started by gokme in C:\Users\gokme\IdeaProjects\demo-multi-module-example-dev\web)
2023-07-07 11:23:01.403  INFO 8108 --- [    Test worker] c.m.e.w.controller.AdminControllerTests  : The following profiles are active: test
2023-07-07 11:23:05.041  INFO 8108 --- [    Test worker] .s.s.UserDetailsServiceAutoConfiguration : 

Using generated security password: ba3d0e76-e784-45c8-96ef-85f2202d7346

2023-07-07 11:23:05.480  INFO 8108 --- [    Test worker] o.s.s.web.DefaultSecurityFilterChain     : Will secure any request with [org.springframework.security.web.context.request.async.WebAsyncManagerIntegrationFilter@34d776eb, org.springframework.security.web.context.SecurityContextPersistenceFilter@5066a895, org.springframework.security.web.header.HeaderWriterFilter@339b9869, org.springframework.security.web.csrf.CsrfFilter@7bbc3b6e, org.springframework.security.web.authentication.logout.LogoutFilter@18c2b4c6, org.springframework.security.web.authentication.UsernamePasswordAuthenticationFilter@3022287e, org.springframework.security.web.authentication.ui.DefaultLoginPageGeneratingFilter@12bb0322, org.springframework.security.web.authentication.ui.DefaultLogoutPageGeneratingFilter@60a3a0fa, org.springframework.security.web.authentication.www.BasicAuthenticationFilter@64b262a7, org.springframework.security.web.savedrequest.RequestCacheAwareFilter@3d805670, org.springframework.security.web.servletapi.SecurityContextHolderAwareRequestFilter@58477355, org.springframework.security.web.authentication.AnonymousAuthenticationFilter@17734113, org.springframework.security.web.session.SessionManagementFilter@39aa595, org.springframework.security.web.access.ExceptionTranslationFilter@7f69a16b, org.springframework.security.web.access.intercept.FilterSecurityInterceptor@c9a18ed]
2023-07-07 11:23:05.666  INFO 8108 --- [    Test worker] o.s.b.t.m.w.SpringBootMockServletContext : Initializing Spring TestDispatcherServlet ''
2023-07-07 11:23:05.666  INFO 8108 --- [    Test worker] o.s.t.web.servlet.TestDispatcherServlet  : Initializing Servlet ''
2023-07-07 11:23:05.669  INFO 8108 --- [    Test worker] o.s.t.web.servlet.TestDispatcherServlet  : Completed initialization in 2 ms
2023-07-07 11:23:05.725  INFO 8108 --- [    Test worker] c.m.e.w.controller.AdminControllerTests  : Started AdminControllerTests in 5.192 seconds (JVM running for 8.099)
2023-07-07 11:23:05.780  INFO 8108 --- [    Test worker] o.s.b.t.m.w.SpringBootMockServletContext : Initializing Spring TestDispatcherServlet ''
2023-07-07 11:23:05.780  INFO 8108 --- [    Test worker] o.s.t.web.servlet.TestDispatcherServlet  : Initializing Servlet ''
2023-07-07 11:23:05.781  INFO 8108 --- [    Test worker] o.s.t.web.servlet.TestDispatcherServlet  : Completed initialization in 1 ms
]]></system-out>
  <system-err><![CDATA[]]></system-err>
</testsuite>
