<?xml version="1.0" encoding="UTF-8"?>
<testsuite name="co.mobileaction.example.web.service.PostServiceTests" tests="1" skipped="0" failures="0" errors="0" timestamp="2024-08-15T13:48:29" hostname="GUN" time="0.644">
  <properties/>
  <testcase name="deletePost()" classname="co.mobileaction.example.web.service.PostServiceTests" time="0.644"/>
  <system-out><![CDATA[16:48:24.125 [Test worker] INFO org.springframework.test.context.support.AnnotationConfigContextLoaderUtils -- Could not detect default configuration classes for test class [co.mobileaction.example.web.service.PostServiceTests]: PostServiceTests does not declare any static, non-private, non-final, nested classes annotated with @Configuration.
16:48:24.316 [Test worker] INFO org.springframework.boot.test.context.SpringBootTestContextBootstrapper -- Found @SpringBootConfiguration co.mobileaction.example.web.WebApplicationConfig for test class co.mobileaction.example.web.service.PostServiceTests

  .   ____          _            __ _ _
 /\\ / ___'_ __ _ _(_)_ __  __ _ \ \ \ \
( ( )\___ | '_ | '_| | '_ \/ _` | \ \ \ \
 \\/  ___)| |_)| | | | | || (_| |  ) ) ) )
  '  |____| .__|_| |_|_| |_\__, | / / / /
 =========|_|==============|___/=/_/_/_/
 :: Spring Boot ::                (v3.1.3)

2024-08-15T16:48:24.854+03:00  INFO 35688 --- [    Test worker] c.m.e.web.service.PostServiceTests       : Starting PostServiceTests using Java 19.0.2 with PID 35688 (started by gunta in C:\Desktop\demo-multi-module-example-dev\demo-multi-module-example-dev\web)
2024-08-15T16:48:24.855+03:00  INFO 35688 --- [    Test worker] c.m.e.web.service.PostServiceTests       : The following 1 profile is active: "test"
2024-08-15T16:48:25.388+03:00  INFO 35688 --- [    Test worker] .s.d.r.c.RepositoryConfigurationDelegate : Bootstrapping Spring Data JPA repositories in DEFAULT mode.
2024-08-15T16:48:25.455+03:00  INFO 35688 --- [    Test worker] .s.d.r.c.RepositoryConfigurationDelegate : Finished Spring Data repository scanning in 58 ms. Found 1 JPA repository interfaces.
2024-08-15T16:48:25.509+03:00  INFO 35688 --- [    Test worker] beddedDataSourceBeanFactoryPostProcessor : Replacing 'dataSource' DataSource bean with embedded version
2024-08-15T16:48:25.799+03:00  INFO 35688 --- [    Test worker] o.s.j.d.e.EmbeddedDatabaseFactory        : Starting embedded database: url='jdbc:h2:mem:efe80245-9e27-4e6b-b3b4-0590c73f5475;DB_CLOSE_DELAY=-1;DB_CLOSE_ON_EXIT=false', username='sa'
2024-08-15T16:48:26.327+03:00  INFO 35688 --- [    Test worker] o.hibernate.jpa.internal.util.LogHelper  : HHH000204: Processing PersistenceUnitInfo [name: default]
2024-08-15T16:48:26.413+03:00  INFO 35688 --- [    Test worker] org.hibernate.Version                    : HHH000412: Hibernate ORM core version 6.2.7.Final
2024-08-15T16:48:26.417+03:00  INFO 35688 --- [    Test worker] org.hibernate.cfg.Environment            : HHH000406: Using bytecode reflection optimizer
2024-08-15T16:48:26.645+03:00  INFO 35688 --- [    Test worker] o.h.b.i.BytecodeProviderInitiator        : HHH000021: Bytecode provider name : bytebuddy
2024-08-15T16:48:26.866+03:00  INFO 35688 --- [    Test worker] o.s.o.j.p.SpringPersistenceUnitInfo      : No LoadTimeWeaver setup: ignoring JPA class transformer
2024-08-15T16:48:27.198+03:00  INFO 35688 --- [    Test worker] o.h.b.i.BytecodeProviderInitiator        : HHH000021: Bytecode provider name : bytebuddy
2024-08-15T16:48:27.878+03:00  INFO 35688 --- [    Test worker] o.h.e.t.j.p.i.JtaPlatformInitiator       : HHH000490: Using JtaPlatform implementation: [org.hibernate.engine.transaction.jta.platform.internal.NoJtaPlatform]
Hibernate: drop table if exists posts cascade 
Hibernate: create table posts (id bigint not null, user_id bigint, body varchar(255), title varchar(255), primary key (id))
2024-08-15T16:48:27.913+03:00  INFO 35688 --- [    Test worker] j.LocalContainerEntityManagerFactoryBean : Initialized JPA EntityManagerFactory for persistence unit 'default'
2024-08-15T16:48:28.372+03:00  INFO 35688 --- [    Test worker] o.s.d.j.r.query.QueryEnhancerFactory     : Hibernate is in classpath; If applicable, HQL parser will be used.
2024-08-15T16:48:28.807+03:00  INFO 35688 --- [    Test worker] c.m.example.web.security.SecurityConfig  : Configuring authentication manager
2024-08-15T16:48:29.109+03:00  INFO 35688 --- [    Test worker] o.s.s.web.DefaultSecurityFilterChain     : Will secure any request with [org.springframework.security.web.session.DisableEncodeUrlFilter@54e0ea1, org.springframework.security.web.context.request.async.WebAsyncManagerIntegrationFilter@7d891953, org.springframework.security.web.context.SecurityContextHolderFilter@6f9be28e, org.springframework.security.web.header.HeaderWriterFilter@5c455d42, org.springframework.security.web.authentication.logout.LogoutFilter@6ddf31cd, org.springframework.security.web.authentication.www.BasicAuthenticationFilter@393830f3, org.springframework.security.web.savedrequest.RequestCacheAwareFilter@3451f8ff, org.springframework.security.web.servletapi.SecurityContextHolderAwareRequestFilter@1169382d, org.springframework.security.web.authentication.AnonymousAuthenticationFilter@4dae96a, org.springframework.security.web.access.ExceptionTranslationFilter@74d7c00a, org.springframework.security.web.access.intercept.AuthorizationFilter@5b2ebfe5]
2024-08-15T16:48:29.197+03:00  INFO 35688 --- [    Test worker] c.m.e.web.service.PostServiceTests       : Started PostServiceTests in 4.783 seconds (process running for 6.59)
Hibernate: select p1_0.id,p1_0.body,p1_0.title,p1_0.user_id from posts p1_0 where p1_0.id=?
Hibernate: delete from posts where id=?
Hibernate: select p1_0.id,p1_0.body,p1_0.title,p1_0.user_id from posts p1_0
]]></system-out>
  <system-err><![CDATA[]]></system-err>
</testsuite>
