<?xml version="1.0" encoding="UTF-8"?>
<testsuite name="co.mobileaction.example.worker.client.CrawlerClientTests" tests="2" skipped="0" failures="0" errors="0" timestamp="2024-08-19T14:08:41" hostname="GUN" time="1.789">
  <properties/>
  <testcase name="test_fetchPost()" classname="co.mobileaction.example.worker.client.CrawlerClientTests" time="1.777"/>
  <testcase name="test_fetchUser()" classname="co.mobileaction.example.worker.client.CrawlerClientTests" time="0.009"/>
  <system-out><![CDATA[]]></system-out>
  <system-err><![CDATA[]]></system-err>
</testsuite>
