<?xml version="1.0" encoding="UTF-8"?>
<testsuite name="co.mobileaction.example.worker.service.UserRequestHandlerServiceTests" tests="1" skipped="0" failures="0" errors="0" timestamp="2023-07-12T07:05:48" hostname="DESKTOP-LGD9K4A" time="1.261">
  <properties/>
  <testcase name="test_crawlAppForAllCountries_missingApp()" classname="co.mobileaction.example.worker.service.UserRequestHandlerServiceTests" time="1.261"/>
  <system-out><![CDATA[]]></system-out>
  <system-err><![CDATA[]]></system-err>
</testsuite>
